Added Component: Designator=B1(SuperCap)
Add component (AddParameter): Name = "Value"; Value = "2F"; VariantName = "[No Variations]"
Added Component: Designator=B2(AAA-2468)
Add component (AddParameter): Name = "LatestRevisionDate"; Value = "17-Jul-2002"; VariantName = "[No Variations]"
Add component (AddParameter): Name = "LatestRevisionNote"; Value = "Re-released for DXP Platform."; VariantName = "[No Variations]"
Add component (AddParameter): Name = "PackageDescription"; Value = "Battery; 2 Leads"; VariantName = "[No Variations]"
Add component (AddParameter): Name = "PackageReference"; Value = "BAT-2"; VariantName = "[No Variations]"
Add component (AddParameter): Name = "Published"; Value = "24-Mar-1999"; VariantName = "[No Variations]"
Add component (AddParameter): Name = "Publisher"; Value = "Altium Limited"; VariantName = "[No Variations]"
Added Component: Designator=C1(CAP_0805)
Add component (AddParameter): Name = "Value"; Value = "4.7µF"; VariantName = "[No Variations]"
Added Component: Designator=C2(CAP_0805)
Add component (AddParameter): Name = "Value"; Value = "100nF"; VariantName = "[No Variations]"
Added Component: Designator=C3(CAP_0805)
Add component (AddParameter): Name = "Value"; Value = "10nF"; VariantName = "[No Variations]"
Added Component: Designator=C4(CAP_0805)
Add component (AddParameter): Name = "Value"; Value = "100nF"; VariantName = "[No Variations]"
Added Component: Designator=C5(CAP_0805)
Add component (AddParameter): Name = "Value"; Value = "4.7µF"; VariantName = "[No Variations]"
Added Component: Designator=C6(CAP_0805)
Add component (AddParameter): Name = "Value"; Value = "10nF"; VariantName = "[No Variations]"
Added Component: Designator=C7(CAP_0805)
Add component (AddParameter): Name = "Value"; Value = "4.7µF"; VariantName = "[No Variations]"
Added Component: Designator=C8(CAP_0805)
Add component (AddParameter): Name = "Value"; Value = "22µF"; VariantName = "[No Variations]"
Added Component: Designator=C9(CAP_0805)
Add component (AddParameter): Name = "Value"; Value = "100nF"; VariantName = "[No Variations]"
Added Component: Designator=GND1(KSTN-5019_V)
Add component (AddParameter): Name = "ComponentLink1Description"; Value = "Manufacturer URL"; VariantName = "[No Variations]"
Add component (AddParameter): Name = "ComponentLink1URL"; Value = "http://www.keyelco.com/"; VariantName = "[No Variations]"
Add component (AddParameter): Name = "ComponentLink2Description"; Value = "Datasheet"; VariantName = "[No Variations]"
Add component (AddParameter): Name = "ComponentLink2URL"; Value = "http://www.keyelco.com/product-pdf.cfm?p=1357"; VariantName = "[No Variations]"
Add component (AddParameter): Name = "Contact Plating"; Value = "Silver"; VariantName = "[No Variations]"
Add component (AddParameter): Name = "DatasheetVersion"; Value = "03/2014"; VariantName = "[No Variations]"
Add component (AddParameter): Name = "Mount"; Value = "Surface Mount"; VariantName = "[No Variations]"
Add component (AddParameter): Name = "Mounting Technology"; Value = "Surface Mount"; VariantName = "[No Variations]"
Add component (AddParameter): Name = "Package Quantity"; Value = "1000"; VariantName = "[No Variations]"
Add component (AddParameter): Name = "PackageDescription"; Value = "1-Pin Surface Mount Device, Body 3.81 x 2.03 mm"; VariantName = "[No Variations]"
Add component (AddParameter): Name = "PackageReference"; Value = "5019"; VariantName = "[No Variations]"
Add component (AddParameter): Name = "Packaging"; Value = "Tape and Reel"; VariantName = "[No Variations]"
Add component (AddParameter): Name = "Pins"; Value = "1"; VariantName = "[No Variations]"
Add component (AddParameter): Name = "RoHSCompliant"; Value = "True"; VariantName = "[No Variations]"
Added Component: Designator=GND2(KSTN-5019_V)
Add component (AddParameter): Name = "ComponentLink1Description"; Value = "Manufacturer URL"; VariantName = "[No Variations]"
Add component (AddParameter): Name = "ComponentLink1URL"; Value = "http://www.keyelco.com/"; VariantName = "[No Variations]"
Add component (AddParameter): Name = "ComponentLink2Description"; Value = "Datasheet"; VariantName = "[No Variations]"
Add component (AddParameter): Name = "ComponentLink2URL"; Value = "http://www.keyelco.com/product-pdf.cfm?p=1357"; VariantName = "[No Variations]"
Add component (AddParameter): Name = "Contact Plating"; Value = "Silver"; VariantName = "[No Variations]"
Add component (AddParameter): Name = "DatasheetVersion"; Value = "03/2014"; VariantName = "[No Variations]"
Add component (AddParameter): Name = "Mount"; Value = "Surface Mount"; VariantName = "[No Variations]"
Add component (AddParameter): Name = "Mounting Technology"; Value = "Surface Mount"; VariantName = "[No Variations]"
Add component (AddParameter): Name = "Package Quantity"; Value = "1000"; VariantName = "[No Variations]"
Add component (AddParameter): Name = "PackageDescription"; Value = "1-Pin Surface Mount Device, Body 3.81 x 2.03 mm"; VariantName = "[No Variations]"
Add component (AddParameter): Name = "PackageReference"; Value = "5019"; VariantName = "[No Variations]"
Add component (AddParameter): Name = "Packaging"; Value = "Tape and Reel"; VariantName = "[No Variations]"
Add component (AddParameter): Name = "Pins"; Value = "1"; VariantName = "[No Variations]"
Add component (AddParameter): Name = "RoHSCompliant"; Value = "True"; VariantName = "[No Variations]"
Added Component: Designator=GND3(KSTN-5019_V)
Add component (AddParameter): Name = "ComponentLink1Description"; Value = "Manufacturer URL"; VariantName = "[No Variations]"
Add component (AddParameter): Name = "ComponentLink1URL"; Value = "http://www.keyelco.com/"; VariantName = "[No Variations]"
Add component (AddParameter): Name = "ComponentLink2Description"; Value = "Datasheet"; VariantName = "[No Variations]"
Add component (AddParameter): Name = "ComponentLink2URL"; Value = "http://www.keyelco.com/product-pdf.cfm?p=1357"; VariantName = "[No Variations]"
Add component (AddParameter): Name = "Contact Plating"; Value = "Silver"; VariantName = "[No Variations]"
Add component (AddParameter): Name = "DatasheetVersion"; Value = "03/2014"; VariantName = "[No Variations]"
Add component (AddParameter): Name = "Mount"; Value = "Surface Mount"; VariantName = "[No Variations]"
Add component (AddParameter): Name = "Mounting Technology"; Value = "Surface Mount"; VariantName = "[No Variations]"
Add component (AddParameter): Name = "Package Quantity"; Value = "1000"; VariantName = "[No Variations]"
Add component (AddParameter): Name = "PackageDescription"; Value = "1-Pin Surface Mount Device, Body 3.81 x 2.03 mm"; VariantName = "[No Variations]"
Add component (AddParameter): Name = "PackageReference"; Value = "5019"; VariantName = "[No Variations]"
Add component (AddParameter): Name = "Packaging"; Value = "Tape and Reel"; VariantName = "[No Variations]"
Add component (AddParameter): Name = "Pins"; Value = "1"; VariantName = "[No Variations]"
Add component (AddParameter): Name = "RoHSCompliant"; Value = "True"; VariantName = "[No Variations]"
Added Component: Designator=L1(WE-LQFS_4828)
Add component (AddParameter): Name = "Manufacturer"; Value = ""; VariantName = "[No Variations]"
Add component (AddParameter): Name = "Manufacturer_Number"; Value = ""; VariantName = "[No Variations]"
Add component (AddParameter): Name = "Value"; Value = "22µH"; VariantName = "[No Variations]"
Added Component: Designator=L2(IND_0805)
Add component (AddParameter): Name = "Manufacturer"; Value = ""; VariantName = "[No Variations]"
Add component (AddParameter): Name = "Manufacturer_Number"; Value = ""; VariantName = "[No Variations]"
Add component (AddParameter): Name = "Value"; Value = "2.2µH"; VariantName = "[No Variations]"
Added Component: Designator=Q1(FP-VMT3-MFG)
Add component (AddParameter): Name = "Automotive"; Value = "No"; VariantName = "[No Variations]"
Add component (AddParameter): Name = "Category"; Value = "Trans"; VariantName = "[No Variations]"
Add component (AddParameter): Name = "ComponentLink2Description"; Value = "Datasheet"; VariantName = "[No Variations]"
Add component (AddParameter): Name = "ComponentLink2URL"; Value = "https://www.rohm.com/datasheet/RZM001P02/rzm001p02t2l-e"; VariantName = "[No Variations]"
Add component (AddParameter): Name = "Continuous Drain Current"; Value = "100mA"; VariantName = "[No Variations]"
Add component (AddParameter): Name = "Depletion Mode"; Value = "False"; VariantName = "[No Variations]"
Add component (AddParameter): Name = "Device Class L1"; Value = "Discrete Semiconductors"; VariantName = "[No Variations]"
Add component (AddParameter): Name = "Device Class L2"; Value = "Transistors"; VariantName = "[No Variations]"
Add component (AddParameter): Name = "Device Class L3"; Value = "MOSFETs"; VariantName = "[No Variations]"
Add component (AddParameter): Name = "Digikey Description"; Value = "MOSFET P-CH 20V 0.1A VMT3"; VariantName = "[No Variations]"
Add component (AddParameter): Name = "Drain To Source Breakdown Voltage"; Value = "-20V"; VariantName = "[No Variations]"
Add component (AddParameter): Name = "Drain To Source Resistance"; Value = "2.5O"; VariantName = "[No Variations]"
Add component (AddParameter): Name = "Drain To Source Voltage"; Value = "-20V"; VariantName = "[No Variations]"
Add component (AddParameter): Name = "Gate To Source Voltage"; Value = "10V"; VariantName = "[No Variations]"
Add component (AddParameter): Name = "Height"; Value = "0.55mm"; VariantName = "[No Variations]"
Add component (AddParameter): Name = "Input Capacitace At Vds"; Value = "15pF @ -10V"; VariantName = "[No Variations]"
Add component (AddParameter): Name = "Lead Free"; Value = "Yes"; VariantName = "[No Variations]"
Add component (AddParameter): Name = "Manufacturer"; Value = "Rohm"; VariantName = "[No Variations]"
Add component (AddParameter): Name = "Manufacturer Part Number"; Value = "RZM001P02T2L"; VariantName = "[No Variations]"
Add component (AddParameter): Name = "Max Forward Diode Voltage"; Value = "-1.2V"; VariantName = "[No Variations]"
Add component (AddParameter): Name = "Max Junction Temp"; Value = "+150°C"; VariantName = "[No Variations]"
Add component (AddParameter): Name = "Mouser Description"; Value = "MOSFET 1.2V Drive Pch MOSFET"; VariantName = "[No Variations]"
Add component (AddParameter): Name = "Number Of Channels"; Value = "1"; VariantName = "[No Variations]"
Add component (AddParameter): Name = "Number Of P Channels"; Value = "1"; VariantName = "[No Variations]"
Add component (AddParameter): Name = "Octopart"; Value = "https://octopart.com/rzm001p02t2l-rohm-29677415"; VariantName = "[No Variations]"
Add component (AddParameter): Name = "Package"; Value = "VMT3"; VariantName = "[No Variations]"
Add component (AddParameter): Name = "Power Dissipation"; Value = "150W"; VariantName = "[No Variations]"
Add component (AddParameter): Name = "Pulse Drain Current"; Value = "400mA"; VariantName = "[No Variations]"
Add component (AddParameter): Name = "RoHS"; Value = "TRUE"; VariantName = "[No Variations]"
Add component (AddParameter): Name = "Rthja Max"; Value = "833°C/W"; VariantName = "[No Variations]"
Add component (AddParameter): Name = "Standoff Height"; Value = "0mm"; VariantName = "[No Variations]"
Add component (AddParameter): Name = "Temperature"; Value = "-55°C to +150°C"; VariantName = "[No Variations]"
Add component (AddParameter): Name = "Temperature Range High"; Value = "+150°C"; VariantName = "[No Variations]"
Add component (AddParameter): Name = "Temperature Range Low"; Value = "-55°C"; VariantName = "[No Variations]"
Add component (AddParameter): Name = "Threshold Vgs Max"; Value = "-1V"; VariantName = "[No Variations]"
Add component (AddParameter): Name = "Threshold Vgs Min"; Value = "-0.3V"; VariantName = "[No Variations]"
Add component (AddParameter): Name = "Turn Off Delay Time"; Value = "325ns"; VariantName = "[No Variations]"
Add component (AddParameter): Name = "Turn On Delay Time"; Value = "46ns"; VariantName = "[No Variations]"
Added Component: Designator=R1(RES_0805)
Add component (AddParameter): Name = "Supplier 1"; Value = "Digi-Key"; VariantName = "[No Variations]"
Add component (AddParameter): Name = "Supplier Part Number 1"; Value = "541-7.87MHCT-ND"; VariantName = "[No Variations]"
Add component (AddParameter): Name = "Value"; Value = "8.2M"; VariantName = "[No Variations]"
Added Component: Designator=R2(RES_0805)
Add component (AddParameter): Name = "Value"; Value = "5.1M"; VariantName = "[No Variations]"
Added Component: Designator=R3(RES_0805)
Add component (AddParameter): Name = "Value"; Value = "5.1M"; VariantName = "[No Variations]"
Added Component: Designator=R4(RES_0805)
Add component (AddParameter): Name = "Value"; Value = "3.6M"; VariantName = "[No Variations]"
Added Component: Designator=R5(RES_0805)
Add component (AddParameter): Name = "Value"; Value = "3.3M"; VariantName = "[No Variations]"
Added Component: Designator=R6(RES_0805)
Add component (AddParameter): Name = "Manufacturer"; Value = ""; VariantName = "[No Variations]"
Add component (AddParameter): Name = "Manufacturer_Number"; Value = ""; VariantName = "[No Variations]"
Add component (AddParameter): Name = "Value"; Value = "100k"; VariantName = "[No Variations]"
Added Component: Designator=S1(KXOB25-05X3F-TR)
Add component (AddParameter): Name = "Manufacturer"; Value = "Anysolar"; VariantName = "[No Variations]"
Add component (AddParameter): Name = "Manufacturer_Number"; Value = "KXOB25-05X3F-TR"; VariantName = "[No Variations]"
Added Component: Designator=U1(QFN_25505)
Add component (AddParameter): Name = "Manufacturer"; Value = "Texas Instruments"; VariantName = "[No Variations]"
Add component (AddParameter): Name = "Manufacturer_Number"; Value = "BQ25505RGRR"; VariantName = "[No Variations]"
Added Component: Designator=U2(SO-8)
Add component (AddParameter): Name = "Manufacturer"; Value = "Diodes Inc"; VariantName = "[No Variations]"
Add component (AddParameter): Name = "Manufacturer_Number"; Value = "DMP3085LSD-13"; VariantName = "[No Variations]"
Added Component: Designator=U3(SO-8)
Add component (AddParameter): Name = "Manufacturer"; Value = "Diodes Inc"; VariantName = "[No Variations]"
Add component (AddParameter): Name = "Manufacturer_Number"; Value = "DMP3085LSD-13"; VariantName = "[No Variations]"
Added Component: Designator=U4(SOT95P280X145-5N)
Add component (AddParameter): Name = "Manufacturer"; Value = "Texas Instruments"; VariantName = "[No Variations]"
Add component (AddParameter): Name = "Manufacturer_Number"; Value = "TPS613221ADBVT"; VariantName = "[No Variations]"
Added Component: Designator=U5(SOT95P237X112-3N)
Add component (AddParameter): Name = "Manufacturer"; Value = "Texas Instruments"; VariantName = "[No Variations]"
Add component (AddParameter): Name = "Manufacturer_Number"; Value = "DRV5032FBDBZR"; VariantName = "[No Variations]"
Added Component: Designator=U6(NRF52840_DONGLE)
Add component (AddParameter): Name = "Manufacturer"; Value = "Nordic Semiconductor"; VariantName = "[No Variations]"
Add component (AddParameter): Name = "Manufacturer_Number"; Value = "NRF52840-DONGLE"; VariantName = "[No Variations]"
Added Component: Designator=VCC(KSTN-5019_V)
Add component (AddParameter): Name = "ComponentLink1Description"; Value = "Manufacturer URL"; VariantName = "[No Variations]"
Add component (AddParameter): Name = "ComponentLink1URL"; Value = "http://www.keyelco.com/"; VariantName = "[No Variations]"
Add component (AddParameter): Name = "ComponentLink2Description"; Value = "Datasheet"; VariantName = "[No Variations]"
Add component (AddParameter): Name = "ComponentLink2URL"; Value = "http://www.keyelco.com/product-pdf.cfm?p=1357"; VariantName = "[No Variations]"
Add component (AddParameter): Name = "Contact Plating"; Value = "Silver"; VariantName = "[No Variations]"
Add component (AddParameter): Name = "DatasheetVersion"; Value = "03/2014"; VariantName = "[No Variations]"
Add component (AddParameter): Name = "Mount"; Value = "Surface Mount"; VariantName = "[No Variations]"
Add component (AddParameter): Name = "Mounting Technology"; Value = "Surface Mount"; VariantName = "[No Variations]"
Add component (AddParameter): Name = "Package Quantity"; Value = "1000"; VariantName = "[No Variations]"
Add component (AddParameter): Name = "PackageDescription"; Value = "1-Pin Surface Mount Device, Body 3.81 x 2.03 mm"; VariantName = "[No Variations]"
Add component (AddParameter): Name = "PackageReference"; Value = "5019"; VariantName = "[No Variations]"
Add component (AddParameter): Name = "Packaging"; Value = "Tape and Reel"; VariantName = "[No Variations]"
Add component (AddParameter): Name = "Pins"; Value = "1"; VariantName = "[No Variations]"
Add component (AddParameter): Name = "RoHSCompliant"; Value = "True"; VariantName = "[No Variations]"
Added Component: Designator=VIN(KSTN-5019_V)
Add component (AddParameter): Name = "ComponentLink1Description"; Value = "Manufacturer URL"; VariantName = "[No Variations]"
Add component (AddParameter): Name = "ComponentLink1URL"; Value = "http://www.keyelco.com/"; VariantName = "[No Variations]"
Add component (AddParameter): Name = "ComponentLink2Description"; Value = "Datasheet"; VariantName = "[No Variations]"
Add component (AddParameter): Name = "ComponentLink2URL"; Value = "http://www.keyelco.com/product-pdf.cfm?p=1357"; VariantName = "[No Variations]"
Add component (AddParameter): Name = "Contact Plating"; Value = "Silver"; VariantName = "[No Variations]"
Add component (AddParameter): Name = "DatasheetVersion"; Value = "03/2014"; VariantName = "[No Variations]"
Add component (AddParameter): Name = "Mount"; Value = "Surface Mount"; VariantName = "[No Variations]"
Add component (AddParameter): Name = "Mounting Technology"; Value = "Surface Mount"; VariantName = "[No Variations]"
Add component (AddParameter): Name = "Package Quantity"; Value = "1000"; VariantName = "[No Variations]"
Add component (AddParameter): Name = "PackageDescription"; Value = "1-Pin Surface Mount Device, Body 3.81 x 2.03 mm"; VariantName = "[No Variations]"
Add component (AddParameter): Name = "PackageReference"; Value = "5019"; VariantName = "[No Variations]"
Add component (AddParameter): Name = "Packaging"; Value = "Tape and Reel"; VariantName = "[No Variations]"
Add component (AddParameter): Name = "Pins"; Value = "1"; VariantName = "[No Variations]"
Add component (AddParameter): Name = "RoHSCompliant"; Value = "True"; VariantName = "[No Variations]"
Added Component: Designator=VMUL(KSTN-5019_V)
Add component (AddParameter): Name = "ComponentLink1Description"; Value = "Manufacturer URL"; VariantName = "[No Variations]"
Add component (AddParameter): Name = "ComponentLink1URL"; Value = "http://www.keyelco.com/"; VariantName = "[No Variations]"
Add component (AddParameter): Name = "ComponentLink2Description"; Value = "Datasheet"; VariantName = "[No Variations]"
Add component (AddParameter): Name = "ComponentLink2URL"; Value = "http://www.keyelco.com/product-pdf.cfm?p=1357"; VariantName = "[No Variations]"
Add component (AddParameter): Name = "Contact Plating"; Value = "Silver"; VariantName = "[No Variations]"
Add component (AddParameter): Name = "DatasheetVersion"; Value = "03/2014"; VariantName = "[No Variations]"
Add component (AddParameter): Name = "Mount"; Value = "Surface Mount"; VariantName = "[No Variations]"
Add component (AddParameter): Name = "Mounting Technology"; Value = "Surface Mount"; VariantName = "[No Variations]"
Add component (AddParameter): Name = "Package Quantity"; Value = "1000"; VariantName = "[No Variations]"
Add component (AddParameter): Name = "PackageDescription"; Value = "1-Pin Surface Mount Device, Body 3.81 x 2.03 mm"; VariantName = "[No Variations]"
Add component (AddParameter): Name = "PackageReference"; Value = "5019"; VariantName = "[No Variations]"
Add component (AddParameter): Name = "Packaging"; Value = "Tape and Reel"; VariantName = "[No Variations]"
Add component (AddParameter): Name = "Pins"; Value = "1"; VariantName = "[No Variations]"
Add component (AddParameter): Name = "RoHSCompliant"; Value = "True"; VariantName = "[No Variations]"
Added Component: Designator=VSEC(KSTN-5019_V)
Add component (AddParameter): Name = "ComponentLink1Description"; Value = "Manufacturer URL"; VariantName = "[No Variations]"
Add component (AddParameter): Name = "ComponentLink1URL"; Value = "http://www.keyelco.com/"; VariantName = "[No Variations]"
Add component (AddParameter): Name = "ComponentLink2Description"; Value = "Datasheet"; VariantName = "[No Variations]"
Add component (AddParameter): Name = "ComponentLink2URL"; Value = "http://www.keyelco.com/product-pdf.cfm?p=1357"; VariantName = "[No Variations]"
Add component (AddParameter): Name = "Contact Plating"; Value = "Silver"; VariantName = "[No Variations]"
Add component (AddParameter): Name = "DatasheetVersion"; Value = "03/2014"; VariantName = "[No Variations]"
Add component (AddParameter): Name = "Mount"; Value = "Surface Mount"; VariantName = "[No Variations]"
Add component (AddParameter): Name = "Mounting Technology"; Value = "Surface Mount"; VariantName = "[No Variations]"
Add component (AddParameter): Name = "Package Quantity"; Value = "1000"; VariantName = "[No Variations]"
Add component (AddParameter): Name = "PackageDescription"; Value = "1-Pin Surface Mount Device, Body 3.81 x 2.03 mm"; VariantName = "[No Variations]"
Add component (AddParameter): Name = "PackageReference"; Value = "5019"; VariantName = "[No Variations]"
Add component (AddParameter): Name = "Packaging"; Value = "Tape and Reel"; VariantName = "[No Variations]"
Add component (AddParameter): Name = "Pins"; Value = "1"; VariantName = "[No Variations]"
Add component (AddParameter): Name = "RoHSCompliant"; Value = "True"; VariantName = "[No Variations]"
Added Component: Designator=VSTOR(KSTN-5019_V)
Add component (AddParameter): Name = "ComponentLink1Description"; Value = "Manufacturer URL"; VariantName = "[No Variations]"
Add component (AddParameter): Name = "ComponentLink1URL"; Value = "http://www.keyelco.com/"; VariantName = "[No Variations]"
Add component (AddParameter): Name = "ComponentLink2Description"; Value = "Datasheet"; VariantName = "[No Variations]"
Add component (AddParameter): Name = "ComponentLink2URL"; Value = "http://www.keyelco.com/product-pdf.cfm?p=1357"; VariantName = "[No Variations]"
Add component (AddParameter): Name = "Contact Plating"; Value = "Silver"; VariantName = "[No Variations]"
Add component (AddParameter): Name = "DatasheetVersion"; Value = "03/2014"; VariantName = "[No Variations]"
Add component (AddParameter): Name = "Mount"; Value = "Surface Mount"; VariantName = "[No Variations]"
Add component (AddParameter): Name = "Mounting Technology"; Value = "Surface Mount"; VariantName = "[No Variations]"
Add component (AddParameter): Name = "Package Quantity"; Value = "1000"; VariantName = "[No Variations]"
Add component (AddParameter): Name = "PackageDescription"; Value = "1-Pin Surface Mount Device, Body 3.81 x 2.03 mm"; VariantName = "[No Variations]"
Add component (AddParameter): Name = "PackageReference"; Value = "5019"; VariantName = "[No Variations]"
Add component (AddParameter): Name = "Packaging"; Value = "Tape and Reel"; VariantName = "[No Variations]"
Add component (AddParameter): Name = "Pins"; Value = "1"; VariantName = "[No Variations]"
Add component (AddParameter): Name = "RoHSCompliant"; Value = "True"; VariantName = "[No Variations]"
Added Component: Designator=X0(HEADER_4PINS)
Added Component: Designator=X1(HEADER_2PINS)
Added Component: Designator=X2(HEADER_2PINS)
Added Component: Designator=X3(HEADER_2PINS)
Added Component: Designator=X4(HEADER_2PINS)
Added Component: Designator=X6(HEADER_2PINS)
Added Component: Designator=X7(HEADER_2PINS)
Added Component: Designator=X8(HEADER_2PINS)
Added Pin To Net: NetName=VSEC Pin=B1-1
Added Pin To Net: NetName=GND Pin=B1-2
Added Pin To Net: NetName=VPRI Pin=B2-1
Added Pin To Net: NetName=GND Pin=B2-2
Added Pin To Net: NetName=GND Pin=C1-1
Added Pin To Net: NetName=VIN Pin=C1-2
Added Pin To Net: NetName=GND Pin=C2-1
Added Pin To Net: NetName=VIN Pin=C2-2
Added Pin To Net: NetName=VREF Pin=C3-1
Added Pin To Net: NetName=GND Pin=C3-2
Added Pin To Net: NetName=GND Pin=C4-1
Added Pin To Net: NetName=VPRI Pin=C4-2
Added Pin To Net: NetName=GND Pin=C5-1
Added Pin To Net: NetName=VSTOR Pin=C5-2
Added Pin To Net: NetName=GND Pin=C6-1
Added Pin To Net: NetName=VSTOR Pin=C6-2
Added Pin To Net: NetName=GND Pin=C7-1
Added Pin To Net: NetName=NetC7_2 Pin=C7-2
Added Pin To Net: NetName=GND Pin=C8-1
Added Pin To Net: NetName=NetC8_2 Pin=C8-2
Added Pin To Net: NetName=GND Pin=C9-1
Added Pin To Net: NetName=NetC9_2 Pin=C9-2
Added Pin To Net: NetName=GND Pin=GND1-1
Added Pin To Net: NetName=GND Pin=GND2-1
Added Pin To Net: NetName=GND Pin=GND3-1
Added Pin To Net: NetName=VIN Pin=L1-1
Added Pin To Net: NetName=LBOOST Pin=L1-2
Added Pin To Net: NetName=NetC7_2 Pin=L2-1
Added Pin To Net: NetName=NetL2_2 Pin=L2-2
Added Pin To Net: NetName=MAG_EN Pin=Q1-1
Added Pin To Net: NetName=VCC Pin=Q1-2
Added Pin To Net: NetName=NetC9_2 Pin=Q1-3
Added Pin To Net: NetName=V_OV Pin=R1-1
Added Pin To Net: NetName=GND Pin=R1-2
Added Pin To Net: NetName=VRDIV Pin=R2-1
Added Pin To Net: NetName=V_OV Pin=R2-2
Added Pin To Net: NetName=VOK_PROG Pin=R3-1
Added Pin To Net: NetName=GND Pin=R3-2
Added Pin To Net: NetName=VOK_HYST Pin=R4-1
Added Pin To Net: NetName=VOK_PROG Pin=R4-2
Added Pin To Net: NetName=VRDIV Pin=R5-1
Added Pin To Net: NetName=VOK_HYST Pin=R5-2
Added Pin To Net: NetName=MAG_EN Pin=R6-1
Added Pin To Net: NetName=VCC Pin=R6-2
Added Pin To Net: NetName=NetS1_1 Pin=S1-1
Added Pin To Net: NetName=GND Pin=S1-2
Added Pin To Net: NetName=GND Pin=U1-1
Added Pin To Net: NetName=VIN Pin=U1-2
Added Pin To Net: NetName=VSTOR Pin=U1-3
Added Pin To Net: NetName=VREF Pin=U1-4
Added Pin To Net: NetName=GND Pin=U1-5
Added Pin To Net: NetName=GND Pin=U1-6
Added Pin To Net: NetName=V_OV Pin=U1-7
Added Pin To Net: NetName=VRDIV Pin=U1-8
Added Pin To Net: NetName=SEC_ON Pin=U1-9
Added Pin To Net: NetName=PRI_ON Pin=U1-10
Added Pin To Net: NetName=VOK_HYST Pin=U1-11
Added Pin To Net: NetName=VOK_PROG Pin=U1-12
Added Pin To Net: NetName=VBAT_OK Pin=U1-13
Added Pin To Net: NetName=VPRI Pin=U1-14
Added Pin To Net: NetName=GND Pin=U1-15
Added Pin To Net: NetName=GND Pin=U1-16
Added Pin To Net: NetName=GND Pin=U1-17
Added Pin To Net: NetName=VSEC Pin=U1-18
Added Pin To Net: NetName=VSTOR Pin=U1-19
Added Pin To Net: NetName=LBOOST Pin=U1-20
Added Pin To Net: NetName=GND Pin=U1-21
Added Pin To Net: NetName=NetU2_1 Pin=U2-1
Added Pin To Net: NetName=SEC_ON Pin=U2-2
Added Pin To Net: NetName=NetU2_1 Pin=U2-3
Added Pin To Net: NetName=SEC_ON Pin=U2-4
Added Pin To Net: NetName=NetU2_5 Pin=U2-5
Added Pin To Net: NetName=NetU2_5 Pin=U2-6
Added Pin To Net: NetName=NetU2_7 Pin=U2-7
Added Pin To Net: NetName=NetU2_7 Pin=U2-8
Added Pin To Net: NetName=NetU3_1 Pin=U3-1
Added Pin To Net: NetName=PRI_ON Pin=U3-2
Added Pin To Net: NetName=NetU3_1 Pin=U3-3
Added Pin To Net: NetName=PRI_ON Pin=U3-4
Added Pin To Net: NetName=NetU2_5 Pin=U3-5
Added Pin To Net: NetName=NetU2_5 Pin=U3-6
Added Pin To Net: NetName=VPRI Pin=U3-7
Added Pin To Net: NetName=VPRI Pin=U3-8
Added Pin To Net: NetName=NetL2_2 Pin=U4-1
Added Pin To Net: NetName=GND Pin=U4-2
Added Pin To Net: NetName=NetC8_2 Pin=U4-4
Added Pin To Net: NetName=NetC9_2 Pin=U5-1
Added Pin To Net: NetName=MAG_OUT Pin=U5-2
Added Pin To Net: NetName=GND Pin=U5-3
Added Pin To Net: NetName=VBAT_OK Pin=U6-1
Added Pin To Net: NetName=MAG_EN Pin=U6-2
Added Pin To Net: NetName=MAG_OUT Pin=U6-3
Added Pin To Net: NetName=GND Pin=U6-10
Added Pin To Net: NetName=GND Pin=U6-11
Added Pin To Net: NetName=GND Pin=U6-18
Added Pin To Net: NetName=VCC Pin=U6-19
Added Pin To Net: NetName=VCC Pin=VCC-1
Added Pin To Net: NetName=NetS1_1 Pin=VIN-1
Added Pin To Net: NetName=VMUL Pin=VMUL-1
Added Pin To Net: NetName=VSEC Pin=VSEC-1
Added Pin To Net: NetName=VSTOR Pin=VSTOR-1
Added Pin To Net: NetName=VBAT_OK Pin=X0-1
Added Pin To Net: NetName=MAG_EN Pin=X0-2
Added Pin To Net: NetName=MAG_OUT Pin=X0-3
Added Pin To Net: NetName=GND Pin=X0-4
Added Pin To Net: NetName=NetS1_1 Pin=X1-1
Added Pin To Net: NetName=VIN Pin=X1-2
Added Pin To Net: NetName=VSTOR Pin=X2-1
Added Pin To Net: NetName=VMUL Pin=X2-2
Added Pin To Net: NetName=VSTOR Pin=X3-1
Added Pin To Net: NetName=NetU2_7 Pin=X3-2
Added Pin To Net: NetName=NetU2_5 Pin=X4-1
Added Pin To Net: NetName=VMUL Pin=X4-2
Added Pin To Net: NetName=VMUL Pin=X6-1
Added Pin To Net: NetName=NetC7_2 Pin=X6-2
Added Pin To Net: NetName=VMUL Pin=X7-1
Added Pin To Net: NetName=VCC Pin=X7-2
Added Pin To Net: NetName=NetC8_2 Pin=X8-1
Added Pin To Net: NetName=VCC Pin=X8-2
Added Member To Class: ClassName=2228_Emetteur_Alimentation Member=Component B1 SUPERCAP
Added Member To Class: ClassName=2228_Emetteur_Alimentation Member=Component B2 2x AAA
Added Member To Class: ClassName=2228_Emetteur_Alimentation Member=Component C1 CAP_SMD
Added Member To Class: ClassName=2228_Emetteur_Alimentation Member=Component C2 CAP_SMD
Added Member To Class: ClassName=2228_Emetteur_Alimentation Member=Component C3 CAP_SMD
Added Member To Class: ClassName=2228_Emetteur_Alimentation Member=Component C4 CAP_SMD
Added Member To Class: ClassName=2228_Emetteur_Alimentation Member=Component C5 CAP_SMD
Added Member To Class: ClassName=2228_Emetteur_Alimentation Member=Component C6 CAP_SMD
Added Member To Class: ClassName=2228_Emetteur_Alimentation Member=Component C7 CAP_SMD
Added Member To Class: ClassName=2228_Emetteur_Alimentation Member=Component C8 CAP_SMD
Added Member To Class: ClassName=2228_Emetteur_Systeme Member=Component C9 CAP_SMD
Added Member To Class: ClassName=2228_Emetteur_Alimentation Member=Component GND1 5019
Added Member To Class: ClassName=2228_Emetteur_Alimentation Member=Component GND2 5019
Added Member To Class: ClassName=2228_Emetteur_Alimentation Member=Component GND3 5019
Added Member To Class: ClassName=2228_Emetteur_Alimentation Member=Component L1 IND_SMD
Added Member To Class: ClassName=2228_Emetteur_Alimentation Member=Component L2 IND_SMD
Added Member To Class: ClassName=2228_Emetteur_Systeme Member=Component Q1 RZM001P02T2L
Added Member To Class: ClassName=2228_Emetteur_Alimentation Member=Component R1 RES_SMD
Added Member To Class: ClassName=2228_Emetteur_Alimentation Member=Component R2 RES_SMD
Added Member To Class: ClassName=2228_Emetteur_Alimentation Member=Component R3 RES_SMD
Added Member To Class: ClassName=2228_Emetteur_Alimentation Member=Component R4 RES_SMD
Added Member To Class: ClassName=2228_Emetteur_Alimentation Member=Component R5 RES_SMD
Added Member To Class: ClassName=2228_Emetteur_Systeme Member=Component R6 RES_SMD
Added Member To Class: ClassName=2228_Emetteur_Alimentation Member=Component S1 Solar_Cell
Added Member To Class: ClassName=2228_Emetteur_Alimentation Member=Component U1 BQ25505
Added Member To Class: ClassName=2228_Emetteur_Alimentation Member=Component U2 DMP3085LSD-13
Added Member To Class: ClassName=2228_Emetteur_Alimentation Member=Component U3 DMP3085LSD-13
Added Member To Class: ClassName=2228_Emetteur_Alimentation Member=Component U4 TPS613221ADBVT
Added Member To Class: ClassName=2228_Emetteur_Systeme Member=Component U5 DRV5032FBDBZR
Added Member To Class: ClassName=2228_Emetteur_Systeme Member=Component U6 NRF52840-DONGLE
Added Member To Class: ClassName=2228_Emetteur_Alimentation Member=Component VCC 5019
Added Member To Class: ClassName=2228_Emetteur_Alimentation Member=Component VIN 5019
Added Member To Class: ClassName=2228_Emetteur_Alimentation Member=Component VMUL 5019
Added Member To Class: ClassName=2228_Emetteur_Alimentation Member=Component VSEC 5019
Added Member To Class: ClassName=2228_Emetteur_Alimentation Member=Component VSTOR 5019
Added Member To Class: ClassName=2228_Emetteur_Systeme Member=Component X0 4PIN_HEADER
Added Member To Class: ClassName=2228_Emetteur_Alimentation Member=Component X1 2PIN_HEADER
Added Member To Class: ClassName=2228_Emetteur_Alimentation Member=Component X2 2PIN_HEADER
Added Member To Class: ClassName=2228_Emetteur_Alimentation Member=Component X3 2PIN_HEADER
Added Member To Class: ClassName=2228_Emetteur_Alimentation Member=Component X4 2PIN_HEADER
Added Member To Class: ClassName=2228_Emetteur_Alimentation Member=Component X6 2PIN_HEADER
Added Member To Class: ClassName=2228_Emetteur_Alimentation Member=Component X7 2PIN_HEADER
Added Member To Class: ClassName=2228_Emetteur_Alimentation Member=Component X8 2PIN_HEADER
Added Room: Name=2228_Emetteur_Alimentation
Added Room: Name=2228_Emetteur_Systeme
