Removed Pin From Net: NetName=VSTOR Pin=X2-1
Removed Pin From Net: NetName=VMUL Pin=X2-2
Removed Pin From Net: NetName=VSTOR Pin=X3-1
Removed Pin From Net: NetName=NetU2_7 Pin=X3-2
Removed Pin From Net: NetName=NetU2_5 Pin=X4-1
Removed Pin From Net: NetName=VMUL Pin=X4-2
Removed Pin From Net: NetName=VMUL Pin=X6-1
Removed Pin From Net: NetName=NetC7_2 Pin=X6-2
Removed Pin From Net: NetName=VMUL Pin=X7-1
Removed Pin From Net: NetName=VCC Pin=X7-2
Removed Pin From Net: NetName=NetC8_2 Pin=X8-1
Removed Pin From Net: NetName=VCC Pin=X8-2
Removed Member From Class: ClassName=2228_Emetteur_Alimentation Member=X6
Removed Member From Class: ClassName=2228_Emetteur_Alimentation Member=X7
Removed Member From Class: ClassName=2228_Emetteur_Alimentation Member=X8
Added Component: Designator=X2(2x2_HEADER)
Added Component: Designator=X3(2x2_HEADER)
Added Component: Designator=X4(2x2_HEADER)
Added Component: Designator=X5(2x2_HEADER)
Added Pin To Net: NetName=VSTOR Pin=X2-1
Added Pin To Net: NetName=NetU2_7 Pin=X2-2
Added Pin To Net: NetName=VMUL Pin=X2-3
Added Pin To Net: NetName=NetU2_5 Pin=X2-4
Added Pin To Net: NetName=VSTOR Pin=X3-1
Added Pin To Net: NetName=VMUL Pin=X3-2
Added Pin To Net: NetName=VMUL Pin=X3-3
Added Pin To Net: NetName=VSTOR Pin=X3-4
Added Pin To Net: NetName=VMUL Pin=X4-1
Added Pin To Net: NetName=NetC7_2 Pin=X4-2
Added Pin To Net: NetName=VCC Pin=X4-3
Added Pin To Net: NetName=NetC8_2 Pin=X4-4
Added Pin To Net: NetName=VMUL Pin=X5-1
Added Pin To Net: NetName=VCC Pin=X5-2
Added Pin To Net: NetName=VCC Pin=X5-3
Added Pin To Net: NetName=VMUL Pin=X5-4
Added Member To Class: ClassName=2228_Emetteur_Alimentation Member=Component X5 2X2PIN_HEADER
Added Room: Name=2228_Emetteur_Alimentation
Added Room: Name=2228_Emetteur_Systeme
