Removed Pin From Net: NetName=GND Pin=B2-1
Removed Pin From Net: NetName=VPRI Pin=B2-2
Removed Pin From Net: NetName=GND Pin=C3-2
Removed Pin From Net: NetName=GND Pin=R1-2
Removed Pin From Net: NetName=GND Pin=R3-2
Removed Pin From Net: NetName=GND Pin=U1-1
Removed Pin From Net: NetName=GND Pin=U1-15
Removed Pin From Net: NetName=MAG_EN Pin=U6-1
Removed Pin From Net: NetName=MAG_OUT Pin=U6-2
Removed Pin From Net: NetName=VBAT_OK Pin=U6-17
Removed Pin From Net: NetName=VMUL Pin=X2-1
Removed Pin From Net: NetName=NetU2_5 Pin=X2-2
Removed Pin From Net: NetName=VSTOR Pin=X2-3
Removed Pin From Net: NetName=NetU2_7 Pin=X2-4
Removed Pin From Net: NetName=VCC Pin=X4-1
Removed Pin From Net: NetName=NetC8_2 Pin=X4-2
Removed Pin From Net: NetName=VMUL Pin=X4-3
Removed Pin From Net: NetName=NetC7_2 Pin=X4-4
Added Pin To Net: NetName=VPRI Pin=B2-1
Added Pin To Net: NetName=GND Pin=B2-2
Added Pin To Net: NetName=VBAT_OK Pin=U6-1
Added Pin To Net: NetName=MAG_EN Pin=U6-2
Added Pin To Net: NetName=MAG_OUT Pin=U6-3
Added Pin To Net: NetName=VSTOR Pin=X2-1
Added Pin To Net: NetName=NetU2_7 Pin=X2-2
Added Pin To Net: NetName=VMUL Pin=X2-3
Added Pin To Net: NetName=NetU2_5 Pin=X2-4
Added Pin To Net: NetName=VMUL Pin=X4-1
Added Pin To Net: NetName=NetC7_2 Pin=X4-2
Added Pin To Net: NetName=VCC Pin=X4-3
Added Pin To Net: NetName=NetC8_2 Pin=X4-4
Added Pin To Net: NetName=VSS Pin=C3-2
Added Pin To Net: NetName=VSS Pin=R1-2
Added Pin To Net: NetName=VSS Pin=R3-2
Added Pin To Net: NetName=VSS Pin=U1-1
Added Pin To Net: NetName=VSS Pin=U1-15
Added Net: Name=VSS
Added Member To Class: ClassName=2228_Emetteur_Alimentation Member=Component X3 2X2PIN_HEADER
