Added Component: Designator=U1(SOP65P638X110-17N)
Add component (AddParameter): Name = "Supplier 1"; Value = "Digi-Key"; VariantName = "[No Variations]"
Add component (AddParameter): Name = "Supplier Part Number 1"; Value = "MAX1793EUE33+-ND"; VariantName = "[No Variations]"
Added Component: Designator=X1(CUI_UJC-HP-3-SMT-TR)
Add component (AddParameter): Name = "Manufacturer"; Value = "CUI Devices"; VariantName = "[No Variations]"
Add component (AddParameter): Name = "Manufacturer_Number"; Value = "UJC-HP-3-SMT-TR"; VariantName = "[No Variations]"
Added Pin To Net: NetName=GND Pin=U1-0
Added Pin To Net: NetName=VBUS Pin=U1-2
Added Pin To Net: NetName=VBUS Pin=U1-3
Added Pin To Net: NetName=VBUS Pin=U1-4
Added Pin To Net: NetName=VBUS Pin=U1-5
Added Pin To Net: NetName=RST Pin=U1-6
Added Pin To Net: NetName=VBUS Pin=U1-7
Added Pin To Net: NetName=GND Pin=U1-10
Added Pin To Net: NetName=GND Pin=U1-11
Added Pin To Net: NetName=3V3 Pin=U1-12
Added Pin To Net: NetName=3V3 Pin=U1-13
Added Pin To Net: NetName=3V3 Pin=U1-14
Added Pin To Net: NetName=3V3 Pin=U1-15
Added Pin To Net: NetName=CC1 Pin=X1-A5
Added Pin To Net: NetName=VBUS Pin=X1-A9
Added Pin To Net: NetName=GND Pin=X1-A12
Added Pin To Net: NetName=CC2 Pin=X1-B5
Added Pin To Net: NetName=VBUS Pin=X1-B9
Added Pin To Net: NetName=GND Pin=X1-B12
Added Pin To Net: NetName=GND Pin=X1-S1
Added Pin To Net: NetName=GND Pin=X1-S2
Added Pin To Net: NetName=GND Pin=X1-S3
Added Pin To Net: NetName=GND Pin=X1-S4
Added Member To Class: ClassName=2228_Recepteur_Alimentation Member=Component U1 MAX1793EUE33+
Added Member To Class: ClassName=2228_Recepteur_Alimentation Member=Component X1 UJC-HP-3-SMT-TR
