Removed Pin From Net: NetName=CS1 Pin=U2-11
Removed Pin From Net: NetName=CS2 Pin=U2-12
Removed Pin From Net: NetName=RST1 Pin=U2-16
Removed Pin From Net: NetName=INT1 Pin=U2-23
Removed Pin From Net: NetName=RST2 Pin=U2-24
Removed Pin From Net: NetName=INT2 Pin=U2-26
Removed Pin From Net: NetName=TX1 Pin=U3-3
Removed Pin From Net: NetName=RX1 Pin=U3-4
Removed Pin From Net: NetName=CS1 Pin=X5-11
Removed Pin From Net: NetName=CS2 Pin=X5-12
Removed Pin From Net: NetName=INT2 Pin=X6-3
Removed Pin From Net: NetName=RST2 Pin=X6-5
Removed Pin From Net: NetName=INT1 Pin=X6-6
Removed Pin From Net: NetName=RST1 Pin=X6-13
Change Footprint: Footprint Not Found SSOP28_MC_MCH
Added Pin To Net: NetName=RST2 Pin=U2-11
Added Pin To Net: NetName=INT2 Pin=U2-12
Added Pin To Net: NetName=CS1 Pin=U2-16
Added Pin To Net: NetName=RST1 Pin=U2-23
Added Pin To Net: NetName=INT1 Pin=U2-24
Added Pin To Net: NetName=CS2 Pin=U2-26
Added Pin To Net: NetName=RX1 Pin=U3-1
Added Pin To Net: NetName=TX1 Pin=U3-2
Added Pin To Net: NetName=RST2 Pin=X5-11
Added Pin To Net: NetName=INT2 Pin=X5-12
Added Pin To Net: NetName=CS2 Pin=X6-3
Added Pin To Net: NetName=INT1 Pin=X6-5
Added Pin To Net: NetName=RST1 Pin=X6-6
Added Pin To Net: NetName=CS1 Pin=X6-13
