Added Component: Designator=1(KSTN-5019_V)
Add component (AddParameter): Name = "ComponentLink1Description"; Value = "Manufacturer URL"; VariantName = "[No Variations]"
Add component (AddParameter): Name = "ComponentLink1URL"; Value = "http://www.keyelco.com/"; VariantName = "[No Variations]"
Add component (AddParameter): Name = "ComponentLink2Description"; Value = "Datasheet"; VariantName = "[No Variations]"
Add component (AddParameter): Name = "ComponentLink2URL"; Value = "http://www.keyelco.com/product-pdf.cfm?p=1357"; VariantName = "[No Variations]"
Add component (AddParameter): Name = "Contact Plating"; Value = "Silver"; VariantName = "[No Variations]"
Add component (AddParameter): Name = "DatasheetVersion"; Value = "03/2014"; VariantName = "[No Variations]"
Add component (AddParameter): Name = "Mount"; Value = "Surface Mount"; VariantName = "[No Variations]"
Add component (AddParameter): Name = "Mounting Technology"; Value = "Surface Mount"; VariantName = "[No Variations]"
Add component (AddParameter): Name = "Package Quantity"; Value = "1000"; VariantName = "[No Variations]"
Add component (AddParameter): Name = "PackageDescription"; Value = "1-Pin Surface Mount Device, Body 3.81 x 2.03 mm"; VariantName = "[No Variations]"
Add component (AddParameter): Name = "PackageReference"; Value = "5019"; VariantName = "[No Variations]"
Add component (AddParameter): Name = "Packaging"; Value = "Tape and Reel"; VariantName = "[No Variations]"
Add component (AddParameter): Name = "Pins"; Value = "1"; VariantName = "[No Variations]"
Add component (AddParameter): Name = "RoHSCompliant"; Value = "True"; VariantName = "[No Variations]"
Added Component: Designator=C1(CAP_0805)
Add component (AddParameter): Name = "Manufacturer"; Value = ""; VariantName = "[No Variations]"
Add component (AddParameter): Name = "Manufacturer_Number"; Value = ""; VariantName = "[No Variations]"
Add component (AddParameter): Name = "Value"; Value = "4.7µF"; VariantName = "[No Variations]"
Added Component: Designator=C2(CAP_0805)
Add component (AddParameter): Name = "Manufacturer"; Value = ""; VariantName = "[No Variations]"
Add component (AddParameter): Name = "Manufacturer_Number"; Value = ""; VariantName = "[No Variations]"
Add component (AddParameter): Name = "Value"; Value = "6.8µF"; VariantName = "[No Variations]"
Added Component: Designator=C3(CAP_0805)
Add component (AddParameter): Name = "Manufacturer"; Value = ""; VariantName = "[No Variations]"
Add component (AddParameter): Name = "Manufacturer_Number"; Value = ""; VariantName = "[No Variations]"
Add component (AddParameter): Name = "Value"; Value = "22pF"; VariantName = "[No Variations]"
Added Component: Designator=C4(CAP_0805)
Add component (AddParameter): Name = "Manufacturer"; Value = ""; VariantName = "[No Variations]"
Add component (AddParameter): Name = "Manufacturer_Number"; Value = ""; VariantName = "[No Variations]"
Add component (AddParameter): Name = "Value"; Value = "22pF"; VariantName = "[No Variations]"
Added Component: Designator=C5(CAP_0805)
Add component (AddParameter): Name = "Manufacturer"; Value = ""; VariantName = "[No Variations]"
Add component (AddParameter): Name = "Manufacturer_Number"; Value = ""; VariantName = "[No Variations]"
Add component (AddParameter): Name = "Value"; Value = "100nF"; VariantName = "[No Variations]"
Added Component: Designator=C6(CAP_0805)
Add component (AddParameter): Name = "Manufacturer"; Value = ""; VariantName = "[No Variations]"
Add component (AddParameter): Name = "Manufacturer_Number"; Value = ""; VariantName = "[No Variations]"
Add component (AddParameter): Name = "Value"; Value = "100nF"; VariantName = "[No Variations]"
Added Component: Designator=C7(CAP_0805)
Add component (AddParameter): Name = "Manufacturer"; Value = ""; VariantName = "[No Variations]"
Add component (AddParameter): Name = "Manufacturer_Number"; Value = ""; VariantName = "[No Variations]"
Add component (AddParameter): Name = "Value"; Value = "10µF"; VariantName = "[No Variations]"
Added Component: Designator=C8(CAP_0805)
Add component (AddParameter): Name = "Manufacturer"; Value = ""; VariantName = "[No Variations]"
Add component (AddParameter): Name = "Manufacturer_Number"; Value = ""; VariantName = "[No Variations]"
Add component (AddParameter): Name = "Value"; Value = "100nF"; VariantName = "[No Variations]"
Added Component: Designator=GND1(KSTN-5019_V)
Add component (AddParameter): Name = "ComponentLink1Description"; Value = "Manufacturer URL"; VariantName = "[No Variations]"
Add component (AddParameter): Name = "ComponentLink1URL"; Value = "http://www.keyelco.com/"; VariantName = "[No Variations]"
Add component (AddParameter): Name = "ComponentLink2Description"; Value = "Datasheet"; VariantName = "[No Variations]"
Add component (AddParameter): Name = "ComponentLink2URL"; Value = "http://www.keyelco.com/product-pdf.cfm?p=1357"; VariantName = "[No Variations]"
Add component (AddParameter): Name = "Contact Plating"; Value = "Silver"; VariantName = "[No Variations]"
Add component (AddParameter): Name = "DatasheetVersion"; Value = "03/2014"; VariantName = "[No Variations]"
Add component (AddParameter): Name = "Mount"; Value = "Surface Mount"; VariantName = "[No Variations]"
Add component (AddParameter): Name = "Mounting Technology"; Value = "Surface Mount"; VariantName = "[No Variations]"
Add component (AddParameter): Name = "Package Quantity"; Value = "1000"; VariantName = "[No Variations]"
Add component (AddParameter): Name = "PackageDescription"; Value = "1-Pin Surface Mount Device, Body 3.81 x 2.03 mm"; VariantName = "[No Variations]"
Add component (AddParameter): Name = "PackageReference"; Value = "5019"; VariantName = "[No Variations]"
Add component (AddParameter): Name = "Packaging"; Value = "Tape and Reel"; VariantName = "[No Variations]"
Add component (AddParameter): Name = "Pins"; Value = "1"; VariantName = "[No Variations]"
Add component (AddParameter): Name = "RoHSCompliant"; Value = "True"; VariantName = "[No Variations]"
Added Component: Designator=Q1(LFXTAL003151)
Add component (AddParameter): Name = "Arrow Part Number"; Value = "LFXTAL003151REEL"; VariantName = "[No Variations]"
Add component (AddParameter): Name = "Arrow Price/Stock"; Value = "https://www.arrow.com/en/products/lfxtal003151reel/iqd-frequency-products?region=europe"; VariantName = "[No Variations]"
Add component (AddParameter): Name = "Datasheet Link"; Value = "https://www.iqdfrequencyproducts.com/products/pn/LFXTAL003151Reel.pdf"; VariantName = "[No Variations]"
Add component (AddParameter): Name = "Geometry.Height"; Value = "4.3mm"; VariantName = "[No Variations]"
Add component (AddParameter): Name = "Manufacturer_Name"; Value = "IQD"; VariantName = "[No Variations]"
Add component (AddParameter): Name = "Manufacturer_Part_Number"; Value = "LFXTAL003151REEL"; VariantName = "[No Variations]"
Add component (AddParameter): Name = "Mouser Part Number"; Value = "449-LFXTAL003151REEL"; VariantName = "[No Variations]"
Add component (AddParameter): Name = "Mouser Price/Stock"; Value = "https://www.mouser.co.uk/ProductDetail/IQD/LFXTAL003151Reel?qs=e4%2FAndAAwgKt40cosvhepA%3D%3D"; VariantName = "[No Variations]"
Added Component: Designator=R1(RES_0805)
Add component (AddParameter): Name = "Manufacturer"; Value = ""; VariantName = "[No Variations]"
Add component (AddParameter): Name = "Manufacturer_Number"; Value = ""; VariantName = "[No Variations]"
Add component (AddParameter): Name = "Value"; Value = "100k"; VariantName = "[No Variations]"
Added Component: Designator=R2(RES_0805)
Add component (AddParameter): Name = "Manufacturer"; Value = ""; VariantName = "[No Variations]"
Add component (AddParameter): Name = "Manufacturer_Number"; Value = ""; VariantName = "[No Variations]"
Add component (AddParameter): Name = "Value"; Value = "5.1k"; VariantName = "[No Variations]"
Added Component: Designator=R3(RES_0805)
Add component (AddParameter): Name = "Manufacturer"; Value = ""; VariantName = "[No Variations]"
Add component (AddParameter): Name = "Manufacturer_Number"; Value = ""; VariantName = "[No Variations]"
Add component (AddParameter): Name = "Value"; Value = "5.1k"; VariantName = "[No Variations]"
Added Component: Designator=R4(RES_0805)
Add component (AddParameter): Name = "Manufacturer"; Value = ""; VariantName = "[No Variations]"
Add component (AddParameter): Name = "Manufacturer_Number"; Value = ""; VariantName = "[No Variations]"
Add component (AddParameter): Name = "Value"; Value = "1M"; VariantName = "[No Variations]"
Added Component: Designator=R5(RES_0805)
Add component (AddParameter): Name = "Manufacturer"; Value = ""; VariantName = "[No Variations]"
Add component (AddParameter): Name = "Manufacturer_Number"; Value = ""; VariantName = "[No Variations]"
Add component (AddParameter): Name = "Value"; Value = "10k"; VariantName = "[No Variations]"
Added Component: Designator=R6(RES_0805)
Add component (AddParameter): Name = "Manufacturer"; Value = ""; VariantName = "[No Variations]"
Add component (AddParameter): Name = "Manufacturer_Number"; Value = ""; VariantName = "[No Variations]"
Add component (AddParameter): Name = "Value"; Value = "1k"; VariantName = "[No Variations]"
Added Component: Designator=S1(430182043816)
Add component (AddParameter): Name = "ComponentLink1Description"; Value = "Manufacturer URL"; VariantName = "[No Variations]"
Add component (AddParameter): Name = "ComponentLink1URL"; Value = "http://www.we-online.com"; VariantName = "[No Variations]"
Add component (AddParameter): Name = "ComponentLink2Description"; Value = "Datasheet"; VariantName = "[No Variations]"
Add component (AddParameter): Name = "ComponentLink2URL"; Value = "http://katalog.we-online.de/em/datasheet/4301x2.pdf"; VariantName = "[No Variations]"
Add component (AddParameter): Name = "Manufacturer"; Value = "Wuerth Elektronik"; VariantName = "[No Variations]"
Add component (AddParameter): Name = "NoPins"; Value = "04"; VariantName = "[No Variations]"
Add component (AddParameter): Name = "PackageReference"; Value = "430182043816"; VariantName = "[No Variations]"
Add component (AddParameter): Name = "PartNumber"; Value = "430182043816"; VariantName = "[No Variations]"
Added Component: Designator=U1(SOP65P638X110-17N)
Add component (AddParameter): Name = "Supplier 1"; Value = "Digi-Key"; VariantName = "[No Variations]"
Add component (AddParameter): Name = "Supplier Part Number 1"; Value = "MAX1793EUE33+-ND"; VariantName = "[No Variations]"
Added Component: Designator=U2(SSOP28_MC_MCH-M)
Add component (AddParameter): Name = "Manufacturer"; Value = "Microchip"; VariantName = "[No Variations]"
Add component (AddParameter): Name = "Manufacturer_Part_Number"; Value = "PIC32MX130F064B-I/SS"; VariantName = "[No Variations]"
Added Component: Designator=U3(NRF52840_DONGLE)
Add component (AddParameter): Name = "Manufacturer"; Value = "Nordic Semiconductor"; VariantName = "[No Variations]"
Add component (AddParameter): Name = "Manufacturer_Number"; Value = "NRF52840-DONGLE"; VariantName = "[No Variations]"
Added Component: Designator=VBUS1(KSTN-5019_V)
Add component (AddParameter): Name = "ComponentLink1Description"; Value = "Manufacturer URL"; VariantName = "[No Variations]"
Add component (AddParameter): Name = "ComponentLink1URL"; Value = "http://www.keyelco.com/"; VariantName = "[No Variations]"
Add component (AddParameter): Name = "ComponentLink2Description"; Value = "Datasheet"; VariantName = "[No Variations]"
Add component (AddParameter): Name = "ComponentLink2URL"; Value = "http://www.keyelco.com/product-pdf.cfm?p=1357"; VariantName = "[No Variations]"
Add component (AddParameter): Name = "Contact Plating"; Value = "Silver"; VariantName = "[No Variations]"
Add component (AddParameter): Name = "DatasheetVersion"; Value = "03/2014"; VariantName = "[No Variations]"
Add component (AddParameter): Name = "Mount"; Value = "Surface Mount"; VariantName = "[No Variations]"
Add component (AddParameter): Name = "Mounting Technology"; Value = "Surface Mount"; VariantName = "[No Variations]"
Add component (AddParameter): Name = "Package Quantity"; Value = "1000"; VariantName = "[No Variations]"
Add component (AddParameter): Name = "PackageDescription"; Value = "1-Pin Surface Mount Device, Body 3.81 x 2.03 mm"; VariantName = "[No Variations]"
Add component (AddParameter): Name = "PackageReference"; Value = "5019"; VariantName = "[No Variations]"
Add component (AddParameter): Name = "Packaging"; Value = "Tape and Reel"; VariantName = "[No Variations]"
Add component (AddParameter): Name = "Pins"; Value = "1"; VariantName = "[No Variations]"
Add component (AddParameter): Name = "RoHSCompliant"; Value = "True"; VariantName = "[No Variations]"
Added Component: Designator=X1(CUI_UJC-HP-3-SMT-TR)
Add component (AddParameter): Name = "Manufacturer"; Value = "CUI Devices"; VariantName = "[No Variations]"
Add component (AddParameter): Name = "Manufacturer_Number"; Value = "UJC-HP-3-SMT-TR"; VariantName = "[No Variations]"
Added Component: Designator=X2(2x2_HEADER)
Added Component: Designator=X3(2x2_HEADER)
Added Component: Designator=X4(HEADER_14PINS)
Added Component: Designator=X5(HEADER_14PINS)
Added Component: Designator=X6(HEADER_6PINS)
Added Component: Designator=X7(MIKROBUS HOST SMD 16 - Gray)
Added Component: Designator=X8(MIKROBUS HOST SMD 16 - Gray)
Added Pin To Net: NetName=3V3 Pin=1-1
Added Pin To Net: NetName=3V3 Pin=C2-2
Added Pin To Net: NetName=3V3 Pin=C5-1
Added Pin To Net: NetName=3V3 Pin=C6-1
Added Pin To Net: NetName=3V3 Pin=R1-2
Added Pin To Net: NetName=3V3 Pin=R5-2
Added Pin To Net: NetName=3V3 Pin=U1-12
Added Pin To Net: NetName=3V3 Pin=U1-13
Added Pin To Net: NetName=3V3 Pin=U1-14
Added Pin To Net: NetName=3V3 Pin=U1-15
Added Pin To Net: NetName=3V3 Pin=U2-13
Added Pin To Net: NetName=3V3 Pin=U2-28
Added Pin To Net: NetName=3V3 Pin=U3-19
Added Pin To Net: NetName=3V3 Pin=X4-13
Added Pin To Net: NetName=3V3 Pin=X5-1
Added Pin To Net: NetName=3V3 Pin=X6-2
Added Pin To Net: NetName=3V3 Pin=X7-7
Added Pin To Net: NetName=3V3 Pin=X8-7
Added Net: Name=3V3
Added Pin To Net: NetName=CC1 Pin=R3-2
Added Pin To Net: NetName=CC1 Pin=X1-A5
Added Net: Name=CC1
Added Pin To Net: NetName=CC2 Pin=R2-2
Added Pin To Net: NetName=CC2 Pin=X1-B5
Added Net: Name=CC2
Added Pin To Net: NetName=CS1 Pin=U2-11
Added Pin To Net: NetName=CS1 Pin=X4-11
Added Pin To Net: NetName=CS1 Pin=X7-3
Added Net: Name=CS1
Added Pin To Net: NetName=CS2 Pin=U2-12
Added Pin To Net: NetName=CS2 Pin=X4-12
Added Pin To Net: NetName=CS2 Pin=X8-3
Added Net: Name=CS2
Added Pin To Net: NetName=GND Pin=C1-1
Added Pin To Net: NetName=GND Pin=C2-1
Added Pin To Net: NetName=GND Pin=C3-2
Added Pin To Net: NetName=GND Pin=C4-1
Added Pin To Net: NetName=GND Pin=C5-2
Added Pin To Net: NetName=GND Pin=C6-2
Added Pin To Net: NetName=GND Pin=C7-2
Added Pin To Net: NetName=GND Pin=C8-2
Added Pin To Net: NetName=GND Pin=GND1-1
Added Pin To Net: NetName=GND Pin=R2-1
Added Pin To Net: NetName=GND Pin=R3-1
Added Pin To Net: NetName=GND Pin=S1-1
Added Pin To Net: NetName=GND Pin=S1-3
Added Pin To Net: NetName=GND Pin=U1-0
Added Pin To Net: NetName=GND Pin=U1-10
Added Pin To Net: NetName=GND Pin=U1-11
Added Pin To Net: NetName=GND Pin=U2-8
Added Pin To Net: NetName=GND Pin=U2-19
Added Pin To Net: NetName=GND Pin=U2-27
Added Pin To Net: NetName=GND Pin=U3-10
Added Pin To Net: NetName=GND Pin=U3-11
Added Pin To Net: NetName=GND Pin=U3-18
Added Pin To Net: NetName=GND Pin=X1-A12
Added Pin To Net: NetName=GND Pin=X1-B12
Added Pin To Net: NetName=GND Pin=X1-S1
Added Pin To Net: NetName=GND Pin=X1-S2
Added Pin To Net: NetName=GND Pin=X1-S3
Added Pin To Net: NetName=GND Pin=X1-S4
Added Pin To Net: NetName=GND Pin=X4-8
Added Pin To Net: NetName=GND Pin=X5-2
Added Pin To Net: NetName=GND Pin=X5-10
Added Pin To Net: NetName=GND Pin=X6-3
Added Pin To Net: NetName=GND Pin=X7-8
Added Pin To Net: NetName=GND Pin=X7-9
Added Pin To Net: NetName=GND Pin=X8-8
Added Pin To Net: NetName=GND Pin=X8-9
Added Net: Name=GND
Added Pin To Net: NetName=INT1 Pin=U2-23
Added Pin To Net: NetName=INT1 Pin=X5-6
Added Pin To Net: NetName=INT1 Pin=X7-15
Added Net: Name=INT1
Added Pin To Net: NetName=INT2 Pin=U2-26
Added Pin To Net: NetName=INT2 Pin=X5-3
Added Pin To Net: NetName=INT2 Pin=X8-15
Added Net: Name=INT2
Added Pin To Net: NetName=MCLR Pin=R6-1
Added Pin To Net: NetName=MCLR Pin=U2-1
Added Pin To Net: NetName=MCLR Pin=X4-1
Added Pin To Net: NetName=MCLR Pin=X6-1
Added Net: Name=MCLR
Added Pin To Net: NetName=NetR1_1 Pin=R1-1
Added Pin To Net: NetName=NetR1_1 Pin=U1-6
Added Net: Name=NetR1_1
Added Pin To Net: NetName=OSC1 Pin=C3-1
Added Pin To Net: NetName=OSC1 Pin=Q1-1
Added Pin To Net: NetName=OSC1 Pin=R4-2
Added Pin To Net: NetName=OSC1 Pin=U2-9
Added Pin To Net: NetName=OSC1 Pin=X4-9
Added Net: Name=OSC1
Added Pin To Net: NetName=OSC2 Pin=C4-2
Added Pin To Net: NetName=OSC2 Pin=Q1-2
Added Pin To Net: NetName=OSC2 Pin=R4-1
Added Pin To Net: NetName=OSC2 Pin=U2-10
Added Pin To Net: NetName=OSC2 Pin=X4-10
Added Net: Name=OSC2
Added Pin To Net: NetName=PBTN Pin=C8-1
Added Pin To Net: NetName=PBTN Pin=R5-1
Added Pin To Net: NetName=PBTN Pin=R6-2
Added Pin To Net: NetName=PBTN Pin=S1-2
Added Pin To Net: NetName=PBTN Pin=S1-4
Added Net: Name=PBTN
Added Pin To Net: NetName=PGEC1 Pin=U2-5
Added Pin To Net: NetName=PGEC1 Pin=X4-5
Added Pin To Net: NetName=PGEC1 Pin=X6-4
Added Net: Name=PGEC1
Added Pin To Net: NetName=PGED1 Pin=U2-4
Added Pin To Net: NetName=PGED1 Pin=X4-4
Added Pin To Net: NetName=PGED1 Pin=X6-5
Added Net: Name=PGED1
Added Pin To Net: NetName=PWM1 Pin=U2-2
Added Pin To Net: NetName=PWM1 Pin=X4-2
Added Pin To Net: NetName=PWM1 Pin=X7-16
Added Net: Name=PWM1
Added Pin To Net: NetName=PWM2 Pin=U2-3
Added Pin To Net: NetName=PWM2 Pin=X4-3
Added Pin To Net: NetName=PWM2 Pin=X8-16
Added Net: Name=PWM2
Added Pin To Net: NetName=RST1 Pin=U2-16
Added Pin To Net: NetName=RST1 Pin=X5-13
Added Pin To Net: NetName=RST1 Pin=X7-2
Added Net: Name=RST1
Added Pin To Net: NetName=RST2 Pin=U2-24
Added Pin To Net: NetName=RST2 Pin=X5-5
Added Pin To Net: NetName=RST2 Pin=X8-2
Added Net: Name=RST2
Added Pin To Net: NetName=RX1 Pin=U2-6
Added Pin To Net: NetName=RX1 Pin=U3-1
Added Pin To Net: NetName=RX1 Pin=X4-6
Added Net: Name=RX1
Added Pin To Net: NetName=RX2A Pin=X2-4
Added Pin To Net: NetName=RX2A Pin=X7-13
Added Net: Name=RX2A
Added Pin To Net: NetName=RX2B Pin=X3-4
Added Pin To Net: NetName=RX2B Pin=X8-13
Added Net: Name=RX2B
Added Pin To Net: NetName=RX2 Pin=U2-22
Added Pin To Net: NetName=RX2 Pin=X2-3
Added Pin To Net: NetName=RX2 Pin=X3-3
Added Pin To Net: NetName=RX2 Pin=X5-7
Added Net: Name=RX2
Added Pin To Net: NetName=SCK1 Pin=U2-25
Added Pin To Net: NetName=SCK1 Pin=X5-4
Added Pin To Net: NetName=SCK1 Pin=X7-4
Added Pin To Net: NetName=SCK1 Pin=X8-4
Added Net: Name=SCK1
Added Pin To Net: NetName=SCL1 Pin=U2-17
Added Pin To Net: NetName=SCL1 Pin=X5-12
Added Pin To Net: NetName=SCL1 Pin=X7-12
Added Pin To Net: NetName=SCL1 Pin=X8-12
Added Net: Name=SCL1
Added Pin To Net: NetName=SDA1 Pin=U2-18
Added Pin To Net: NetName=SDA1 Pin=X5-11
Added Pin To Net: NetName=SDA1 Pin=X7-11
Added Pin To Net: NetName=SDA1 Pin=X8-11
Added Net: Name=SDA1
Added Pin To Net: NetName=SDI1 Pin=U2-14
Added Pin To Net: NetName=SDI1 Pin=X4-14
Added Pin To Net: NetName=SDI1 Pin=X7-5
Added Pin To Net: NetName=SDI1 Pin=X8-5
Added Net: Name=SDI1
Added Pin To Net: NetName=SDO1 Pin=U2-15
Added Pin To Net: NetName=SDO1 Pin=X5-14
Added Pin To Net: NetName=SDO1 Pin=X7-6
Added Pin To Net: NetName=SDO1 Pin=X8-6
Added Net: Name=SDO1
Added Pin To Net: NetName=TX1 Pin=U2-7
Added Pin To Net: NetName=TX1 Pin=U3-2
Added Pin To Net: NetName=TX1 Pin=X4-7
Added Net: Name=TX1
Added Pin To Net: NetName=TX2A Pin=X2-2
Added Pin To Net: NetName=TX2A Pin=X7-14
Added Net: Name=TX2A
Added Pin To Net: NetName=TX2B Pin=X3-2
Added Pin To Net: NetName=TX2B Pin=X8-14
Added Net: Name=TX2B
Added Pin To Net: NetName=TX2 Pin=U2-21
Added Pin To Net: NetName=TX2 Pin=X2-1
Added Pin To Net: NetName=TX2 Pin=X3-1
Added Pin To Net: NetName=TX2 Pin=X5-8
Added Net: Name=TX2
Added Pin To Net: NetName=VBUS Pin=C1-2
Added Pin To Net: NetName=VBUS Pin=U1-2
Added Pin To Net: NetName=VBUS Pin=U1-3
Added Pin To Net: NetName=VBUS Pin=U1-4
Added Pin To Net: NetName=VBUS Pin=U1-5
Added Pin To Net: NetName=VBUS Pin=U1-7
Added Pin To Net: NetName=VBUS Pin=VBUS1-1
Added Pin To Net: NetName=VBUS Pin=X1-A9
Added Pin To Net: NetName=VBUS Pin=X1-B9
Added Net: Name=VBUS
Added Pin To Net: NetName=VCAP Pin=C7-1
Added Pin To Net: NetName=VCAP Pin=U2-20
Added Pin To Net: NetName=VCAP Pin=X5-9
Added Net: Name=VCAP
Added Class: Name=2228_Recepteur_Alimentation
Added Class: Name=2228_Recepteur_MIKROE_NRF
Added Class: Name=2228_Recepteur_PIC32
Added Room: Name=2228_Recepteur_Alimentation
Added Room: Name=2228_Recepteur_MIKROE_NRF
Added Room: Name=2228_Recepteur_PIC32
